[INFO]    Initialized logging in ./pabot_results
[INFO]    Robot Framework remote server at 127.0.0.1:8270 started.
[DEBUG]   2026-04-19 15:50:47.599257 [PID:90286] [1] [ID:1] EXECUTING Tests.Checkout Test
[DEBUG]   2026-04-19 15:50:47.599714 [PID:90287] [2] [ID:2] EXECUTING Tests.Login Test
[DEBUG]   2026-04-19 15:50:47.600348 [PID:90288] [0] [ID:0] EXECUTING Tests.Cart Test
[INFO]    2026-04-19 15:50:50.297986 [PID:90288] [0] [ID:0] PASSED Tests.Cart Test in 2.7 seconds
[INFO]    2026-04-19 15:50:50.300863 [PID:90286] [1] [ID:1] PASSED Tests.Checkout Test in 2.7 seconds
[INFO]    2026-04-19 15:50:51.544897 [PID:90287] [2] [ID:2] PASSED Tests.Login Test in 3.9 seconds
[INFO]    3 tests, 3 passed, 0 failed, 0 skipped.
[INFO]    ===================================================
[INFO]    Output:  /Users/pawornrutkitika/automation/web-automation-robotframework/output.xml
[INFO]    Log:     /Users/pawornrutkitika/automation/web-automation-robotframework/log.html
[INFO]    Report:  /Users/pawornrutkitika/automation/web-automation-robotframework/report.html
[DEBUG]   Finalizing Pabot execution...
[DEBUG]   Stopping PabotLib process
[INFO]    Robot Framework remote server at 127.0.0.1:8270 stopped.
[DEBUG]   PabotLib process stopped
[INFO]    Total testing: 9.30 seconds
[INFO]    Elapsed time:  4.38 seconds
[DEBUG]   Logs flushed successfully.
